<?xml version="1.0" encoding="UTF-8"?>
<!-- Generated by org.testng.reporters.JUnitReportReporter -->
<testsuite hostname="anands-MacBook-Air.local" name="Regression.VerifyTitle" tests="2" failures="0" timestamp="15 Feb 2019 12:13:19 GMT" time="17.281" errors="0">
  <testcase name="CreateClientFromMenu" time="7.271" classname="Regression.VerifyTitle"/>
  <testcase name="CreateClientShortcutButton" time="10.010" classname="Regression.VerifyTitle"/>
</testsuite>
