<?xml version="1.0" encoding="UTF-8"?>
<!-- Generated by org.testng.reporters.JUnitReportReporter -->
<testsuite hostname="anands-MacBook-Air.local" name="Regression.VerifyTitle" tests="2" failures="0" timestamp="15 Feb 2019 11:51:56 GMT" time="15.259" errors="0">
  <testcase name="CreateClientFromMenu" time="6.863" classname="Regression.VerifyTitle"/>
  <testcase name="CreateContactFromMenuTest" time="8.396" classname="Regression.VerifyTitle"/>
</testsuite>
