<?xml version="1.0" encoding="UTF-8"?>
<!-- Generated by org.testng.reporters.JUnitReportReporter -->
<testsuite hostname="anands-MacBook-Air.local" name="Regression.VerifyTitle" tests="3" failures="0" timestamp="18 Feb 2019 03:36:42 GMT" time="23.037" errors="0">
  <testcase name="CreateClientFromMenu" time="6.883" classname="Regression.VerifyTitle"/>
  <testcase name="CreateClientShortcutButton" time="9.984" classname="Regression.VerifyTitle"/>
  <testcase name="CreateCandidateFromMenu" time="6.170" classname="Regression.VerifyTitle"/>
</testsuite>
