<?xml version="1.0" encoding="UTF-8"?>
<!-- Generated by org.testng.reporters.JUnitReportReporter -->
<testsuite hostname="anands-MacBook-Air.local" name="Regression.VerifyTitle" tests="1" failures="0" timestamp="15 Feb 2019 09:51:35 GMT" time="16.769" errors="0">
  <testcase name="ClickEditTab" time="16.769" classname="Regression.VerifyTitle"/>
</testsuite>
